<?xml version="1.0" encoding="UTF-8"?>
<!-- Generated by org.testng.reporters.JUnitXMLReporter -->
<testsuite ignored="0" hostname="DESKTOP-SO47UB2" failures="0" tests="6" name="Default test" time="0.074" errors="0" timestamp="2021-12-21T14:28:45 CET">
  <testcase classname="qaclickacamedy.Mavenjava.AppiumTest" name="IOSApps" time="0.01"/>
  <testcase classname="qaclickacamedy.Mavenjava.AppiumTest" name="NativeAPpAndroid" time="0.002"/>
  <testcase classname="qaclickacamedy.Mavenjava.SeleniumTest" name="BrowserAUtomation" time="0.002"/>
  <testcase classname="qaclickacamedy.Mavenjava.SeleniumTest" name="elementsUi" time="0.003"/>
  <testcase classname="qaclickacamedy.Mavenjava.RESTAPITest" name="deleteTwitter" time="0.001"/>
  <testcase classname="qaclickacamedy.Mavenjava.RESTAPITest" name="postJira" time="0.001"/>
</testsuite> <!-- Default test -->
