<?xml version="1.0" encoding="UTF-8"?>
<!-- Generated by org.testng.reporters.JUnitXMLReporter -->
<testsuite hostname="DESKTOP-SO47UB2" ignored="0" name="Test" tests="6" failures="0" timestamp="22 déc. 2021 08:56:00 GMT" time="0.037" errors="0">
  <testcase name="deleteTwitter" time="0.01" classname="qaclickacamedy.Mavenjava.RESTAPITest"/>
  <testcase name="postJira" time="0.0" classname="qaclickacamedy.Mavenjava.RESTAPITest"/>
  <testcase name="IOSApps" time="0.0" classname="qaclickacamedy.Mavenjava.AppiumTest"/>
  <testcase name="NativeAPpAndroid" time="0.0" classname="qaclickacamedy.Mavenjava.AppiumTest"/>
  <testcase name="BrowserAUtomation" time="0.001" classname="qaclickacamedy.Mavenjava.SeleniumTest"/>
  <testcase name="elementsUi" time="0.0" classname="qaclickacamedy.Mavenjava.SeleniumTest"/>
</testsuite> <!-- Test -->
