<?xml version="1.0" encoding="UTF-8"?>
<testng-results skipped="0" failed="0" ignored="0" total="6" passed="6">
  <reporter-output>
  </reporter-output>
  <suite name="Suite" duration-ms="37" started-at="2021-12-22T08:56:00Z" finished-at="2021-12-22T08:56:00Z">
    <groups>
    </groups>
    <test name="Test" duration-ms="37" started-at="2021-12-22T08:56:00Z" finished-at="2021-12-22T08:56:00Z">
      <class name="qaclickacamedy.Mavenjava.AppiumTest">
        <test-method status="PASS" signature="IOSApps()[pri:0, instance:qaclickacamedy.Mavenjava.AppiumTest@4148db48]" name="IOSApps" duration-ms="0" started-at="2021-12-22T09:56:00Z" finished-at="2021-12-22T09:56:00Z">
          <reporter-output>
          </reporter-output>
        </test-method> <!-- IOSApps -->
        <test-method status="PASS" signature="NativeAPpAndroid()[pri:0, instance:qaclickacamedy.Mavenjava.AppiumTest@4148db48]" name="NativeAPpAndroid" duration-ms="0" started-at="2021-12-22T09:56:00Z" finished-at="2021-12-22T09:56:00Z">
          <reporter-output>
          </reporter-output>
        </test-method> <!-- NativeAPpAndroid -->
      </class> <!-- qaclickacamedy.Mavenjava.AppiumTest -->
      <class name="qaclickacamedy.Mavenjava.SeleniumTest">
        <test-method status="PASS" signature="BrowserAUtomation()[pri:0, instance:qaclickacamedy.Mavenjava.SeleniumTest@282003e1]" name="BrowserAUtomation" duration-ms="1" started-at="2021-12-22T09:56:00Z" finished-at="2021-12-22T09:56:00Z">
          <reporter-output>
          </reporter-output>
        </test-method> <!-- BrowserAUtomation -->
        <test-method status="PASS" signature="elementsUi()[pri:0, instance:qaclickacamedy.Mavenjava.SeleniumTest@282003e1]" name="elementsUi" duration-ms="0" started-at="2021-12-22T09:56:00Z" finished-at="2021-12-22T09:56:00Z">
          <reporter-output>
          </reporter-output>
        </test-method> <!-- elementsUi -->
      </class> <!-- qaclickacamedy.Mavenjava.SeleniumTest -->
      <class name="qaclickacamedy.Mavenjava.RESTAPITest">
        <test-method status="PASS" signature="deleteTwitter()[pri:0, instance:qaclickacamedy.Mavenjava.RESTAPITest@33cb5951]" name="deleteTwitter" duration-ms="10" started-at="2021-12-22T09:56:00Z" finished-at="2021-12-22T09:56:00Z">
          <reporter-output>
          </reporter-output>
        </test-method> <!-- deleteTwitter -->
        <test-method status="PASS" signature="postJira()[pri:0, instance:qaclickacamedy.Mavenjava.RESTAPITest@33cb5951]" name="postJira" duration-ms="0" started-at="2021-12-22T09:56:00Z" finished-at="2021-12-22T09:56:00Z">
          <reporter-output>
          </reporter-output>
        </test-method> <!-- postJira -->
      </class> <!-- qaclickacamedy.Mavenjava.RESTAPITest -->
    </test> <!-- Test -->
  </suite> <!-- Suite -->
</testng-results>
