<?xml version="1.0" encoding="UTF-8"?>
<testng-results ignored="0" total="6" passed="6" failed="0" skipped="0">
  <reporter-output>
  </reporter-output>
  <suite started-at="2021-12-21T14:28:45 CET" name="Default suite" finished-at="2021-12-21T14:28:45 CET" duration-ms="74">
    <groups>
    </groups>
    <test started-at="2021-12-21T14:28:45 CET" name="Default test" finished-at="2021-12-21T14:28:45 CET" duration-ms="74">
      <class name="qaclickacamedy.Mavenjava.AppiumTest">
        <test-method signature="IOSApps()[pri:0, instance:qaclickacamedy.Mavenjava.AppiumTest@49912c99]" started-at="2021-12-21T14:28:45 CET" name="IOSApps" finished-at="2021-12-21T14:28:45 CET" duration-ms="10" status="PASS">
          <reporter-output>
          </reporter-output>
        </test-method> <!-- IOSApps -->
        <test-method signature="NativeAPpAndroid()[pri:0, instance:qaclickacamedy.Mavenjava.AppiumTest@49912c99]" started-at="2021-12-21T14:28:45 CET" name="NativeAPpAndroid" finished-at="2021-12-21T14:28:45 CET" duration-ms="2" status="PASS">
          <reporter-output>
          </reporter-output>
        </test-method> <!-- NativeAPpAndroid -->
      </class> <!-- qaclickacamedy.Mavenjava.AppiumTest -->
      <class name="qaclickacamedy.Mavenjava.SeleniumTest">
        <test-method signature="BrowserAUtomation()[pri:0, instance:qaclickacamedy.Mavenjava.SeleniumTest@24fcf36f]" started-at="2021-12-21T14:28:45 CET" name="BrowserAUtomation" finished-at="2021-12-21T14:28:45 CET" duration-ms="2" status="PASS">
          <reporter-output>
          </reporter-output>
        </test-method> <!-- BrowserAUtomation -->
        <test-method signature="elementsUi()[pri:0, instance:qaclickacamedy.Mavenjava.SeleniumTest@24fcf36f]" started-at="2021-12-21T14:28:45 CET" name="elementsUi" finished-at="2021-12-21T14:28:45 CET" duration-ms="3" status="PASS">
          <reporter-output>
          </reporter-output>
        </test-method> <!-- elementsUi -->
      </class> <!-- qaclickacamedy.Mavenjava.SeleniumTest -->
      <class name="qaclickacamedy.Mavenjava.RESTAPITest">
        <test-method signature="deleteTwitter()[pri:0, instance:qaclickacamedy.Mavenjava.RESTAPITest@10feca44]" started-at="2021-12-21T14:28:45 CET" name="deleteTwitter" finished-at="2021-12-21T14:28:45 CET" duration-ms="1" status="PASS">
          <reporter-output>
          </reporter-output>
        </test-method> <!-- deleteTwitter -->
        <test-method signature="postJira()[pri:0, instance:qaclickacamedy.Mavenjava.RESTAPITest@10feca44]" started-at="2021-12-21T14:28:45 CET" name="postJira" finished-at="2021-12-21T14:28:45 CET" duration-ms="1" status="PASS">
          <reporter-output>
          </reporter-output>
        </test-method> <!-- postJira -->
      </class> <!-- qaclickacamedy.Mavenjava.RESTAPITest -->
    </test> <!-- Default test -->
  </suite> <!-- Default suite -->
</testng-results>
