<?xml version="1.0" encoding="UTF-8"?>
<!-- Generated by org.testng.reporters.JUnitReportReporter -->
<testsuite skipped="0" hostname="DESKTOP-SO47UB2" name="qaclickacamedy.Mavenjava.SeleniumTest" tests="2" failures="0" timestamp="22 déc. 2021 08:56:00 GMT" time="0.001" errors="0">
  <testcase name="elementsUi" time="0.000" classname="qaclickacamedy.Mavenjava.SeleniumTest"/>
  <testcase name="BrowserAUtomation" time="0.001" classname="qaclickacamedy.Mavenjava.SeleniumTest"/>
</testsuite> <!-- qaclickacamedy.Mavenjava.SeleniumTest -->
