<?xml version="1.0" encoding="UTF-8"?>
<!-- Generated by org.testng.reporters.JUnitReportReporter -->
<testsuite skipped="0" hostname="DESKTOP-SO47UB2" name="qaclickacamedy.Mavenjava.RESTAPITest" tests="2" failures="0" timestamp="22 déc. 2021 08:56:00 GMT" time="0.010" errors="0">
  <testcase name="postJira" time="0.000" classname="qaclickacamedy.Mavenjava.RESTAPITest"/>
  <testcase name="deleteTwitter" time="0.010" classname="qaclickacamedy.Mavenjava.RESTAPITest"/>
</testsuite> <!-- qaclickacamedy.Mavenjava.RESTAPITest -->
